# JRE version: OpenJDK Runtime Environment Temurin-17.0.13+11 (17.0.13+11) (build 17.0.13+11)
# Java VM: OpenJDK Client VM Temurin-17.0.13+11 (17.0.13+11, mixed mode, emulated-client, serial gc, windows-x86)
GC Precious Log:
 CPUs: 8 total, 8 available
 Memory: 16225M
 Large Page Support: Disabled
 NUMA Support: Disabled
 Compressed Oops: Disabled
 Heap Min Capacity: 6M
 Heap Initial Capacity: 16M
 Heap Max Capacity: 1540M
 Pre-touch: Disabled
Heap:
 def new generation   total 112064K, used 90836K [0x05400000, 0x0cd90000, 0x25550000)
  eden space 99648K,  84% used [0x05400000, 0x0a671d20, 0x0b550000)
  from space 12416K,  51% used [0x0b550000, 0x0bb93590, 0x0c170000)
  to   space 12416K,   0% used [0x0c170000, 0x0c170000, 0x0cd90000)
 tenured generation   total 248008K, used 174344K [0x25550000, 0x34782000, 0x65800000)
   the space 248008K,  70% used [0x25550000, 0x2ff923a8, 0x2ff92400, 0x34782000)
 Metaspace       used 81009K, committed 81472K, reserved 81920K
GC Heap History (20 events):
Event: 22.346 GC heap before
{Heap before GC invocations=82 (full 6):
 def new generation   total 77056K, used 71148K [0x05400000, 0x0a790000, 0x25550000)
  eden space 68544K, 100% used [0x05400000, 0x096f0000, 0x096f0000)
  from space 8512K,  30% used [0x09f40000, 0x0a1cb030, 0x0a790000)
  to   space 8512K,   0% used [0x096f0000, 0x096f0000, 0x09f40000)
 tenured generation   total 170400K, used 129141K [0x25550000, 0x2fbb8000, 0x65800000)
   the space 170400K,  75% used [0x25550000, 0x2d36d5e0, 0x2d36d600, 0x2fbb8000)
 Metaspace       used 71680K, committed 72128K, reserved 81920K
}
Event: 22.351 GC heap after
{Heap after GC invocations=83 (full 6):
 def new generation   total 77056K, used 2922K [0x05400000, 0x0a790000, 0x25550000)
  eden space 68544K,   0% used [0x05400000, 0x05400000, 0x096f0000)
  from space 8512K,  34% used [0x096f0000, 0x099cab00, 0x09f40000)
  to   space 8512K,   0% used [0x09f40000, 0x09f40000, 0x0a790000)
 tenured generation   total 170400K, used 129141K [0x25550000, 0x2fbb8000, 0x65800000)
   the space 170400K,  75% used [0x25550000, 0x2d36d5e0, 0x2d36d600, 0x2fbb8000)
 Metaspace       used 71680K, committed 72128K, reserved 81920K
}
Event: 22.488 GC heap before
{Heap before GC invocations=83 (full 6):
 def new generation   total 77056K, used 71466K [0x05400000, 0x0a790000, 0x25550000)
  eden space 68544K,  99% used [0x05400000, 0x096efee8, 0x096f0000)
  from space 8512K,  34% used [0x096f0000, 0x099cab00, 0x09f40000)
  to   space 8512K,   0% used [0x09f40000, 0x09f40000, 0x0a790000)
 tenured generation   total 170400K, used 129141K [0x25550000, 0x2fbb8000, 0x65800000)
   the space 170400K,  75% used [0x25550000, 0x2d36d5e0, 0x2d36d600, 0x2fbb8000)
 Metaspace       used 71680K, committed 72128K, reserved 81920K
}
Event: 22.494 GC heap after
{Heap after GC invocations=84 (full 6):
 def new generation   total 77056K, used 4555K [0x05400000, 0x0a790000, 0x25550000)
  eden space 68544K,   0% used [0x05400000, 0x05400000, 0x096f0000)
  from space 8512K,  53% used [0x09f40000, 0x0a3b2eb8, 0x0a790000)
  to   space 8512K,   0% used [0x096f0000, 0x096f0000, 0x09f40000)
 tenured generation   total 170400K, used 129141K [0x25550000, 0x2fbb8000, 0x65800000)
   the space 170400K,  75% used [0x25550000, 0x2d36d5e0, 0x2d36d600, 0x2fbb8000)
 Metaspace       used 71680K, committed 72128K, reserved 81920K
}
Event: 22.748 GC heap before
{Heap before GC invocations=84 (full 6):
 def new generation   total 77056K, used 73099K [0x05400000, 0x0a790000, 0x25550000)
  eden space 68544K, 100% used [0x05400000, 0x096f0000, 0x096f0000)
  from space 8512K,  53% used [0x09f40000, 0x0a3b2eb8, 0x0a790000)
  to   space 8512K,   0% used [0x096f0000, 0x096f0000, 0x09f40000)
 tenured generation   total 170400K, used 129141K [0x25550000, 0x2fbb8000, 0x65800000)
   the space 170400K,  75% used [0x25550000, 0x2d36d5e0, 0x2d36d600, 0x2fbb8000)
 Metaspace       used 71698K, committed 72192K, reserved 81920K
}
Event: 22.755 GC heap after
{Heap after GC invocations=85 (full 6):
 def new generation   total 77056K, used 3729K [0x05400000, 0x0a790000, 0x25550000)
  eden space 68544K,   0% used [0x05400000, 0x05400000, 0x096f0000)
  from space 8512K,  43% used [0x096f0000, 0x09a946c0, 0x09f40000)
  to   space 8512K,   0% used [0x09f40000, 0x09f40000, 0x0a790000)
 tenured generation   total 170400K, used 131235K [0x25550000, 0x2fbb8000, 0x65800000)
   the space 170400K,  77% used [0x25550000, 0x2d578d00, 0x2d578e00, 0x2fbb8000)
 Metaspace       used 71698K, committed 72192K, reserved 81920K
}
Event: 22.810 GC heap before
{Heap before GC invocations=85 (full 6):
 def new generation   total 77056K, used 72273K [0x05400000, 0x0a790000, 0x25550000)
  eden space 68544K, 100% used [0x05400000, 0x096f0000, 0x096f0000)
  from space 8512K,  43% used [0x096f0000, 0x09a946c0, 0x09f40000)
  to   space 8512K,   0% used [0x09f40000, 0x09f40000, 0x0a790000)
 tenured generation   total 170400K, used 131235K [0x25550000, 0x2fbb8000, 0x65800000)
   the space 170400K,  77% used [0x25550000, 0x2d578d00, 0x2d578e00, 0x2fbb8000)
 Metaspace       used 71984K, committed 72448K, reserved 81920K
}
Event: 22.821 GC heap after
{Heap after GC invocations=86 (full 6):
 def new generation   total 77056K, used 5769K [0x05400000, 0x0a790000, 0x25550000)
  eden space 68544K,   0% used [0x05400000, 0x05400000, 0x096f0000)
  from space 8512K,  67% used [0x09f40000, 0x0a4e2710, 0x0a790000)
  to   space 8512K,   0% used [0x096f0000, 0x096f0000, 0x09f40000)
 tenured generation   total 170400K, used 137891K [0x25550000, 0x2fbb8000, 0x65800000)
   the space 170400K,  80% used [0x25550000, 0x2dbf8d10, 0x2dbf8e00, 0x2fbb8000)
 Metaspace       used 71984K, committed 72448K, reserved 81920K
}
Event: 22.875 GC heap before
{Heap before GC invocations=86 (full 6):
 def new generation   total 77056K, used 74313K [0x05400000, 0x0a790000, 0x25550000)
  eden space 68544K, 100% used [0x05400000, 0x096f0000, 0x096f0000)
  from space 8512K,  67% used [0x09f40000, 0x0a4e2710, 0x0a790000)
  to   space 8512K,   0% used [0x096f0000, 0x096f0000, 0x09f40000)
 tenured generation   total 170400K, used 137891K [0x25550000, 0x2fbb8000, 0x65800000)
   the space 170400K,  80% used [0x25550000, 0x2dbf8d10, 0x2dbf8e00, 0x2fbb8000)
 Metaspace       used 72346K, committed 72832K, reserved 81920K
}
Event: 22.890 GC heap after
{Heap after GC invocations=87 (full 6):
 def new generation   total 77056K, used 7294K [0x05400000, 0x0a790000, 0x25550000)
  eden space 68544K,   0% used [0x05400000, 0x05400000, 0x096f0000)
  from space 8512K,  85% used [0x096f0000, 0x09e0fb28, 0x09f40000)
  to   space 8512K,   0% used [0x09f40000, 0x09f40000, 0x0a790000)
 tenured generation   total 170400K, used 153081K [0x25550000, 0x2fbb8000, 0x65800000)
   the space 170400K,  89% used [0x25550000, 0x2eace550, 0x2eace600, 0x2fbb8000)
 Metaspace       used 72346K, committed 72832K, reserved 81920K
}
Event: 22.942 GC heap before
{Heap before GC invocations=87 (full 6):
 def new generation   total 77056K, used 75838K [0x05400000, 0x0a790000, 0x25550000)
  eden space 68544K, 100% used [0x05400000, 0x096f0000, 0x096f0000)
  from space 8512K,  85% used [0x096f0000, 0x09e0fb28, 0x09f40000)
  to   space 8512K,   0% used [0x09f40000, 0x09f40000, 0x0a790000)
 tenured generation   total 170400K, used 153081K [0x25550000, 0x2fbb8000, 0x65800000)
   the space 170400K,  89% used [0x25550000, 0x2eace550, 0x2eace600, 0x2fbb8000)
 Metaspace       used 72765K, committed 73216K, reserved 81920K
}
Event: 22.952 GC heap after
{Heap after GC invocations=88 (full 6):
 def new generation   total 77056K, used 8512K [0x05400000, 0x0a790000, 0x25550000)
  eden space 68544K,   0% used [0x05400000, 0x05400000, 0x096f0000)
  from space 8512K, 100% used [0x09f40000, 0x0a790000, 0x0a790000)
  to   space 8512K,   0% used [0x096f0000, 0x096f0000, 0x09f40000)
 tenured generation   total 170400K, used 157216K [0x25550000, 0x2fbb8000, 0x65800000)
   the space 170400K,  92% used [0x25550000, 0x2eed8080, 0x2eed8200, 0x2fbb8000)
 Metaspace       used 72765K, committed 73216K, reserved 81920K
}
Event: 22.979 GC heap before
{Heap before GC invocations=88 (full 6):
 def new generation   total 77056K, used 77056K [0x05400000, 0x0a790000, 0x25550000)
  eden space 68544K, 100% used [0x05400000, 0x096f0000, 0x096f0000)
  from space 8512K, 100% used [0x09f40000, 0x0a790000, 0x0a790000)
  to   space 8512K,   0% used [0x096f0000, 0x096f0000, 0x09f40000)
 tenured generation   total 170400K, used 157216K [0x25550000, 0x2fbb8000, 0x65800000)
   the space 170400K,  92% used [0x25550000, 0x2eed8080, 0x2eed8200, 0x2fbb8000)
 Metaspace       used 72895K, committed 73344K, reserved 81920K
}
Event: 22.993 GC heap after
{Heap after GC invocations=89 (full 6):
 def new generation   total 77056K, used 150K [0x05400000, 0x0a790000, 0x25550000)
  eden space 68544K,   0% used [0x05400000, 0x05400000, 0x096f0000)
  from space 8512K,   1% used [0x096f0000, 0x09715998, 0x09f40000)
  to   space 8512K,   0% used [0x09f40000, 0x09f40000, 0x0a790000)
 tenured generation   total 186148K, used 177524K [0x25550000, 0x30b19000, 0x65800000)
   the space 186148K,  95% used [0x25550000, 0x302ad188, 0x302ad200, 0x30b19000)
 Metaspace       used 72895K, committed 73344K, reserved 81920K
}
Event: 22.993 GC heap before
{Heap before GC invocations=89 (full 6):
 def new generation   total 77056K, used 150K [0x05400000, 0x0a790000, 0x25550000)
  eden space 68544K,   0% used [0x05400000, 0x05400000, 0x096f0000)
  from space 8512K,   1% used [0x096f0000, 0x09715998, 0x09f40000)
  to   space 8512K,   0% used [0x09f40000, 0x09f40000, 0x0a790000)
 tenured generation   total 186148K, used 177524K [0x25550000, 0x30b19000, 0x65800000)
   the space 186148K,  95% used [0x25550000, 0x302ad188, 0x302ad200, 0x30b19000)
 Metaspace       used 72895K, committed 73344K, reserved 81920K
}
Event: 23.143 GC heap after
{Heap after GC invocations=89 (full 7):
 def new generation   total 112064K, used 0K [0x05400000, 0x0cd90000, 0x25550000)
  eden space 99648K,   0% used [0x05400000, 0x05400000, 0x0b550000)
  from space 12416K,   0% used [0x0b550000, 0x0b550000, 0x0c170000)
  to   space 12416K,   0% used [0x0c170000, 0x0c170000, 0x0cd90000)
 tenured generation   total 248008K, used 148803K [0x25550000, 0x34782000, 0x65800000)
   the space 248008K,  59% used [0x25550000, 0x2e6a0f90, 0x2e6a1000, 0x34782000)
 Metaspace       used 72895K, committed 73344K, reserved 81920K
}
Event: 23.467 GC heap before
{Heap before GC invocations=89 (full 7):
 def new generation   total 112064K, used 99648K [0x05400000, 0x0cd90000, 0x25550000)
  eden space 99648K, 100% used [0x05400000, 0x0b550000, 0x0b550000)
  from space 12416K,   0% used [0x0b550000, 0x0b550000, 0x0c170000)
  to   space 12416K,   0% used [0x0c170000, 0x0c170000, 0x0cd90000)
 tenured generation   total 248008K, used 148803K [0x25550000, 0x34782000, 0x65800000)
   the space 248008K,  59% used [0x25550000, 0x2e6a0f90, 0x2e6a1000, 0x34782000)
 Metaspace       used 75297K, committed 75776K, reserved 81920K
}
Event: 23.478 GC heap after
{Heap after GC invocations=90 (full 7):
 def new generation   total 112064K, used 2124K [0x05400000, 0x0cd90000, 0x25550000)
  eden space 99648K,   0% used [0x05400000, 0x05400000, 0x0b550000)
  from space 12416K,  17% used [0x0c170000, 0x0c383300, 0x0cd90000)
  to   space 12416K,   0% used [0x0b550000, 0x0b550000, 0x0c170000)
 tenured generation   total 248008K, used 174344K [0x25550000, 0x34782000, 0x65800000)
   the space 248008K,  70% used [0x25550000, 0x2ff923a8, 0x2ff92400, 0x34782000)
 Metaspace       used 75297K, committed 75776K, reserved 81920K
}
Event: 24.019 GC heap before
{Heap before GC invocations=90 (full 7):
 def new generation   total 112064K, used 101772K [0x05400000, 0x0cd90000, 0x25550000)
  eden space 99648K, 100% used [0x05400000, 0x0b550000, 0x0b550000)
  from space 12416K,  17% used [0x0c170000, 0x0c383300, 0x0cd90000)
  to   space 12416K,   0% used [0x0b550000, 0x0b550000, 0x0c170000)
 tenured generation   total 248008K, used 174344K [0x25550000, 0x34782000, 0x65800000)
   the space 248008K,  70% used [0x25550000, 0x2ff923a8, 0x2ff92400, 0x34782000)
 Metaspace       used 79963K, committed 80448K, reserved 81920K
}
Event: 24.037 GC heap after
{Heap after GC invocations=91 (full 7):
 def new generation   total 112064K, used 6413K [0x05400000, 0x0cd90000, 0x25550000)
  eden space 99648K,   0% used [0x05400000, 0x05400000, 0x0b550000)
  from space 12416K,  51% used [0x0b550000, 0x0bb93590, 0x0c170000)
  to   space 12416K,   0% used [0x0c170000, 0x0c170000, 0x0cd90000)
 tenured generation   total 248008K, used 174344K [0x25550000, 0x34782000, 0x65800000)
   the space 248008K,  70% used [0x25550000, 0x2ff923a8, 0x2ff92400, 0x34782000)
 Metaspace       used 79963K, committed 80448K, reserved 81920K
}

